23:47:15 [INFO] 连接 MySQL 127.0.0.1:3306/container_center
Traceback (most recent call last):
  File "d:\yuan\不锈钢网带跟单3.0\scripts\fill_data_packages_process_code.py", line 245, in <module>
    main()
    ~~~~^^
  File "d:\yuan\不锈钢网带跟单3.0\scripts\fill_data_packages_process_code.py", line 131, in main
    conn = pymysql.connect(**mysql_cfg, autocommit=False, cursorclass=pymysql.cursors.DictCursor)
  File "C:\Users\lenovo\AppData\Local\Python\pythoncore-3.14-64\Lib\site-packages\pymysql\connections.py", line 372, in __init__
    self.connect()
    ~~~~~~~~~~~~^^
  File "C:\Users\lenovo\AppData\Local\Python\pythoncore-3.14-64\Lib\site-packages\pymysql\connections.py", line 702, in connect
    self._request_authentication()
    ~~~~~~~~~~~~~~~~~~~~~~~~~~~~^^
  File "C:\Users\lenovo\AppData\Local\Python\pythoncore-3.14-64\Lib\site-packages\pymysql\connections.py", line 1014, in _request_authentication
    auth_packet = self._process_auth(plugin_name, auth_packet)
  File "C:\Users\lenovo\AppData\Local\Python\pythoncore-3.14-64\Lib\site-packages\pymysql\connections.py", line 1105, in _process_auth
    pkt = self._read_packet()
  File "C:\Users\lenovo\AppData\Local\Python\pythoncore-3.14-64\Lib\site-packages\pymysql\connections.py", line 803, in _read_packet
    packet.raise_for_error()
    ~~~~~~~~~~~~~~~~~~~~~~^^
  File "C:\Users\lenovo\AppData\Local\Python\pythoncore-3.14-64\Lib\site-packages\pymysql\protocol.py", line 219, in raise_for_error
    err.raise_mysql_exception(self._data)
    ~~~~~~~~~~~~~~~~~~~~~~~~~^^^^^^^^^^^^
  File "C:\Users\lenovo\AppData\Local\Python\pythoncore-3.14-64\Lib\site-packages\pymysql\err.py", line 154, in raise_mysql_exception
    raise errorclass(errno, errval, sqlstate=sqlstate)
pymysql.err.OperationalError: (1045, "Access denied for user 'root'@'localhost' (using password: NO)")
